
------------------------------------------------------------
Sender: LSF System <rer@dccxc327>
Subject: Job 2982330: </u/alexrad/ccc-profiles.sh gt/own-20> in cluster <dcc> Done

Job </u/alexrad/ccc-profiles.sh gt/own-20> was submitted from host <dccxl001> by user <alexrad> in cluster <dcc> at Thu Nov 10 08:07:53 2022
Job was executed on host(s) <dccxc327>, in queue <x86_7d>, as user <alexrad> in cluster <dcc> at Thu Nov 10 08:09:54 2022
</u/alexrad> was used as the home directory.
</u/alexrad> was used as the working directory.
Started at Thu Nov 10 08:09:54 2022
Terminated at Thu Nov 10 08:20:02 2022
Results reported at Thu Nov 10 08:20:02 2022

Your job looked like:

------------------------------------------------------------
# LSBATCH: User input
/u/alexrad/ccc-profiles.sh gt/own-20
------------------------------------------------------------

Successfully completed.

Resource usage summary:

    CPU time :                                   608.19 sec.
    Max Memory :                                 4477 MB
    Average Memory :                             1330.32 MB
    Total Requested Memory :                     8683.00 MB
    Delta Memory :                               4206.00 MB
    Max Swap :                                   -
    Max Processes :                              5
    Max Threads :                                6
    Run time :                                   635 sec.
    Turnaround time :                            729 sec.

The output (if any) is above this job summary.



PS:

Read file </u/alexrad/.lsf/dcc/2982330.stderr> for stderr output of this job.

