
------------------------------------------------------------
Sender: LSF System <rer@dccxc323>
Subject: Job 2982333: </u/alexrad/ccc-profiles.sh gt/own-23> in cluster <dcc> Done

Job </u/alexrad/ccc-profiles.sh gt/own-23> was submitted from host <dccxl001> by user <alexrad> in cluster <dcc> at Thu Nov 10 08:07:54 2022
Job was executed on host(s) <dccxc323>, in queue <x86_7d>, as user <alexrad> in cluster <dcc> at Thu Nov 10 08:10:54 2022
</u/alexrad> was used as the home directory.
</u/alexrad> was used as the working directory.
Started at Thu Nov 10 08:10:54 2022
Terminated at Thu Nov 10 08:15:23 2022
Results reported at Thu Nov 10 08:15:23 2022

Your job looked like:

------------------------------------------------------------
# LSBATCH: User input
/u/alexrad/ccc-profiles.sh gt/own-23
------------------------------------------------------------

Successfully completed.

Resource usage summary:

    CPU time :                                   267.98 sec.
    Max Memory :                                 4013 MB
    Average Memory :                             724.00 MB
    Total Requested Memory :                     8683.00 MB
    Delta Memory :                               4670.00 MB
    Max Swap :                                   -
    Max Processes :                              5
    Max Threads :                                6
    Run time :                                   295 sec.
    Turnaround time :                            449 sec.

The output (if any) is above this job summary.



PS:

Read file </u/alexrad/.lsf/dcc/2982333.stderr> for stderr output of this job.

