
------------------------------------------------------------
Sender: LSF System <rer@dccxc322>
Subject: Job 2982341: </u/alexrad/ccc-profiles.sh gt/own-31> in cluster <dcc> Done

Job </u/alexrad/ccc-profiles.sh gt/own-31> was submitted from host <dccxl001> by user <alexrad> in cluster <dcc> at Thu Nov 10 08:07:54 2022
Job was executed on host(s) <dccxc322>, in queue <x86_7d>, as user <alexrad> in cluster <dcc> at Thu Nov 10 08:11:54 2022
</u/alexrad> was used as the home directory.
</u/alexrad> was used as the working directory.
Started at Thu Nov 10 08:11:54 2022
Terminated at Thu Nov 10 08:16:18 2022
Results reported at Thu Nov 10 08:16:18 2022

Your job looked like:

------------------------------------------------------------
# LSBATCH: User input
/u/alexrad/ccc-profiles.sh gt/own-31
------------------------------------------------------------

Successfully completed.

Resource usage summary:

    CPU time :                                   263.24 sec.
    Max Memory :                                 3559 MB
    Average Memory :                             532.36 MB
    Total Requested Memory :                     8683.00 MB
    Delta Memory :                               5124.00 MB
    Max Swap :                                   -
    Max Processes :                              5
    Max Threads :                                6
    Run time :                                   291 sec.
    Turnaround time :                            504 sec.

The output (if any) is above this job summary.



PS:

Read file </u/alexrad/.lsf/dcc/2982341.stderr> for stderr output of this job.

