
------------------------------------------------------------
Sender: LSF System <rer@dccxc325>
Subject: Job 2982377: </u/alexrad/ccc-profiles.sh gt/own-67> in cluster <dcc> Done

Job </u/alexrad/ccc-profiles.sh gt/own-67> was submitted from host <dccxl001> by user <alexrad> in cluster <dcc> at Thu Nov 10 08:07:56 2022
Job was executed on host(s) <dccxc325>, in queue <x86_7d>, as user <alexrad> in cluster <dcc> at Thu Nov 10 08:16:54 2022
</u/alexrad> was used as the home directory.
</u/alexrad> was used as the working directory.
Started at Thu Nov 10 08:16:54 2022
Terminated at Thu Nov 10 08:23:00 2022
Results reported at Thu Nov 10 08:23:00 2022

Your job looked like:

------------------------------------------------------------
# LSBATCH: User input
/u/alexrad/ccc-profiles.sh gt/own-67
------------------------------------------------------------

Successfully completed.

Resource usage summary:

    CPU time :                                   365.23 sec.
    Max Memory :                                 2314 MB
    Average Memory :                             1016.17 MB
    Total Requested Memory :                     8683.00 MB
    Delta Memory :                               6369.00 MB
    Max Swap :                                   -
    Max Processes :                              5
    Max Threads :                                6
    Run time :                                   393 sec.
    Turnaround time :                            904 sec.

The output (if any) is above this job summary.



PS:

Read file </u/alexrad/.lsf/dcc/2982377.stderr> for stderr output of this job.

