
------------------------------------------------------------
Sender: LSF System <rer@dccxc325>
Subject: Job 2982369: </u/alexrad/ccc-profiles.sh gt/own-59> in cluster <dcc> Done

Job </u/alexrad/ccc-profiles.sh gt/own-59> was submitted from host <dccxl001> by user <alexrad> in cluster <dcc> at Thu Nov 10 08:07:55 2022
Job was executed on host(s) <dccxc325>, in queue <x86_7d>, as user <alexrad> in cluster <dcc> at Thu Nov 10 08:15:54 2022
</u/alexrad> was used as the home directory.
</u/alexrad> was used as the working directory.
Started at Thu Nov 10 08:15:54 2022
Terminated at Thu Nov 10 08:21:07 2022
Results reported at Thu Nov 10 08:21:07 2022

Your job looked like:

------------------------------------------------------------
# LSBATCH: User input
/u/alexrad/ccc-profiles.sh gt/own-59
------------------------------------------------------------

Successfully completed.

Resource usage summary:

    CPU time :                                   312.71 sec.
    Max Memory :                                 2447 MB
    Average Memory :                             715.64 MB
    Total Requested Memory :                     8683.00 MB
    Delta Memory :                               6236.00 MB
    Max Swap :                                   -
    Max Processes :                              5
    Max Threads :                                6
    Run time :                                   340 sec.
    Turnaround time :                            792 sec.

The output (if any) is above this job summary.



PS:

Read file </u/alexrad/.lsf/dcc/2982369.stderr> for stderr output of this job.

