
------------------------------------------------------------
Sender: LSF System <rer@dccxc322>
Subject: Job 2982334: </u/alexrad/ccc-profiles.sh gt/own-24> in cluster <dcc> Done

Job </u/alexrad/ccc-profiles.sh gt/own-24> was submitted from host <dccxl001> by user <alexrad> in cluster <dcc> at Thu Nov 10 08:07:54 2022
Job was executed on host(s) <dccxc322>, in queue <x86_7d>, as user <alexrad> in cluster <dcc> at Thu Nov 10 08:10:54 2022
</u/alexrad> was used as the home directory.
</u/alexrad> was used as the working directory.
Started at Thu Nov 10 08:10:54 2022
Terminated at Thu Nov 10 08:31:11 2022
Results reported at Thu Nov 10 08:31:11 2022

Your job looked like:

------------------------------------------------------------
# LSBATCH: User input
/u/alexrad/ccc-profiles.sh gt/own-24
------------------------------------------------------------

Successfully completed.

Resource usage summary:

    CPU time :                                   1216.99 sec.
    Max Memory :                                 4530 MB
    Average Memory :                             1084.62 MB
    Total Requested Memory :                     8683.00 MB
    Delta Memory :                               4153.00 MB
    Max Swap :                                   -
    Max Processes :                              5
    Max Threads :                                6
    Run time :                                   1244 sec.
    Turnaround time :                            1397 sec.

The output (if any) is above this job summary.



PS:

Read file </u/alexrad/.lsf/dcc/2982334.stderr> for stderr output of this job.

