
------------------------------------------------------------
Sender: LSF System <rer@dccxc324>
Subject: Job 2982350: </u/alexrad/ccc-profiles.sh gt/own-40> in cluster <dcc> Done

Job </u/alexrad/ccc-profiles.sh gt/own-40> was submitted from host <dccxl001> by user <alexrad> in cluster <dcc> at Thu Nov 10 08:07:54 2022
Job was executed on host(s) <dccxc324>, in queue <x86_7d>, as user <alexrad> in cluster <dcc> at Thu Nov 10 08:12:54 2022
</u/alexrad> was used as the home directory.
</u/alexrad> was used as the working directory.
Started at Thu Nov 10 08:12:54 2022
Terminated at Thu Nov 10 08:30:26 2022
Results reported at Thu Nov 10 08:30:26 2022

Your job looked like:

------------------------------------------------------------
# LSBATCH: User input
/u/alexrad/ccc-profiles.sh gt/own-40
------------------------------------------------------------

Successfully completed.

Resource usage summary:

    CPU time :                                   1051.39 sec.
    Max Memory :                                 4979 MB
    Average Memory :                             937.26 MB
    Total Requested Memory :                     8683.00 MB
    Delta Memory :                               3704.00 MB
    Max Swap :                                   -
    Max Processes :                              5
    Max Threads :                                6
    Run time :                                   1079 sec.
    Turnaround time :                            1352 sec.

The output (if any) is above this job summary.



PS:

Read file </u/alexrad/.lsf/dcc/2982350.stderr> for stderr output of this job.

