
------------------------------------------------------------
Sender: LSF System <rer@dccxc327>
Subject: Job 2982386: </u/alexrad/ccc-profiles.sh gt/own-76> in cluster <dcc> Done

Job </u/alexrad/ccc-profiles.sh gt/own-76> was submitted from host <dccxl001> by user <alexrad> in cluster <dcc> at Thu Nov 10 08:07:56 2022
Job was executed on host(s) <dccxc327>, in queue <x86_7d>, as user <alexrad> in cluster <dcc> at Thu Nov 10 08:17:54 2022
</u/alexrad> was used as the home directory.
</u/alexrad> was used as the working directory.
Started at Thu Nov 10 08:17:54 2022
Terminated at Thu Nov 10 08:23:37 2022
Results reported at Thu Nov 10 08:23:37 2022

Your job looked like:

------------------------------------------------------------
# LSBATCH: User input
/u/alexrad/ccc-profiles.sh gt/own-76
------------------------------------------------------------

Successfully completed.

Resource usage summary:

    CPU time :                                   341.93 sec.
    Max Memory :                                 2000 MB
    Average Memory :                             536.46 MB
    Total Requested Memory :                     8683.00 MB
    Delta Memory :                               6683.00 MB
    Max Swap :                                   -
    Max Processes :                              5
    Max Threads :                                6
    Run time :                                   352 sec.
    Turnaround time :                            941 sec.

The output (if any) is above this job summary.



PS:

Read file </u/alexrad/.lsf/dcc/2982386.stderr> for stderr output of this job.

