
------------------------------------------------------------
Sender: LSF System <rer@dccxc328>
Subject: Job 2982366: </u/alexrad/ccc-profiles.sh gt/own-56> in cluster <dcc> Done

Job </u/alexrad/ccc-profiles.sh gt/own-56> was submitted from host <dccxl001> by user <alexrad> in cluster <dcc> at Thu Nov 10 08:07:55 2022
Job was executed on host(s) <dccxc328>, in queue <x86_7d>, as user <alexrad> in cluster <dcc> at Thu Nov 10 08:15:53 2022
</u/alexrad> was used as the home directory.
</u/alexrad> was used as the working directory.
Started at Thu Nov 10 08:15:53 2022
Terminated at Thu Nov 10 08:24:37 2022
Results reported at Thu Nov 10 08:24:37 2022

Your job looked like:

------------------------------------------------------------
# LSBATCH: User input
/u/alexrad/ccc-profiles.sh gt/own-56
------------------------------------------------------------

Successfully completed.

Resource usage summary:

    CPU time :                                   524.59 sec.
    Max Memory :                                 2773 MB
    Average Memory :                             733.28 MB
    Total Requested Memory :                     8683.00 MB
    Delta Memory :                               5910.00 MB
    Max Swap :                                   -
    Max Processes :                              5
    Max Threads :                                6
    Run time :                                   551 sec.
    Turnaround time :                            1002 sec.

The output (if any) is above this job summary.



PS:

Read file </u/alexrad/.lsf/dcc/2982366.stderr> for stderr output of this job.

