
------------------------------------------------------------
Sender: LSF System <rer@dccxc322>
Subject: Job 2982391: </u/alexrad/ccc-profiles.sh gt/own-81> in cluster <dcc> Done

Job </u/alexrad/ccc-profiles.sh gt/own-81> was submitted from host <dccxl001> by user <alexrad> in cluster <dcc> at Thu Nov 10 08:07:56 2022
Job was executed on host(s) <dccxc322>, in queue <x86_7d>, as user <alexrad> in cluster <dcc> at Thu Nov 10 08:18:54 2022
</u/alexrad> was used as the home directory.
</u/alexrad> was used as the working directory.
Started at Thu Nov 10 08:18:54 2022
Terminated at Thu Nov 10 08:43:33 2022
Results reported at Thu Nov 10 08:43:33 2022

Your job looked like:

------------------------------------------------------------
# LSBATCH: User input
/u/alexrad/ccc-profiles.sh gt/own-81
------------------------------------------------------------

Successfully completed.

Resource usage summary:

    CPU time :                                   1478.41 sec.
    Max Memory :                                 4961 MB
    Average Memory :                             1515.32 MB
    Total Requested Memory :                     8683.00 MB
    Delta Memory :                               3722.00 MB
    Max Swap :                                   -
    Max Processes :                              5
    Max Threads :                                6
    Run time :                                   1505 sec.
    Turnaround time :                            2137 sec.

The output (if any) is above this job summary.



PS:

Read file </u/alexrad/.lsf/dcc/2982391.stderr> for stderr output of this job.

