
------------------------------------------------------------
Sender: LSF System <rer@dccxc323>
Subject: Job 2982347: </u/alexrad/ccc-profiles.sh gt/own-37> in cluster <dcc> Done

Job </u/alexrad/ccc-profiles.sh gt/own-37> was submitted from host <dccxl001> by user <alexrad> in cluster <dcc> at Thu Nov 10 08:07:54 2022
Job was executed on host(s) <dccxc323>, in queue <x86_7d>, as user <alexrad> in cluster <dcc> at Thu Nov 10 08:12:54 2022
</u/alexrad> was used as the home directory.
</u/alexrad> was used as the working directory.
Started at Thu Nov 10 08:12:54 2022
Terminated at Thu Nov 10 08:25:54 2022
Results reported at Thu Nov 10 08:25:54 2022

Your job looked like:

------------------------------------------------------------
# LSBATCH: User input
/u/alexrad/ccc-profiles.sh gt/own-37
------------------------------------------------------------

Successfully completed.

Resource usage summary:

    CPU time :                                   779.01 sec.
    Max Memory :                                 4459 MB
    Average Memory :                             1101.76 MB
    Total Requested Memory :                     8683.00 MB
    Delta Memory :                               4224.00 MB
    Max Swap :                                   -
    Max Processes :                              5
    Max Threads :                                6
    Run time :                                   807 sec.
    Turnaround time :                            1080 sec.

The output (if any) is above this job summary.



PS:

Read file </u/alexrad/.lsf/dcc/2982347.stderr> for stderr output of this job.

