
------------------------------------------------------------
Sender: LSF System <rer@dccxc322>
Subject: Job 2982327: </u/alexrad/ccc-profiles.sh gt/own-17> in cluster <dcc> Done

Job </u/alexrad/ccc-profiles.sh gt/own-17> was submitted from host <dccxl001> by user <alexrad> in cluster <dcc> at Thu Nov 10 08:07:53 2022
Job was executed on host(s) <dccxc322>, in queue <x86_7d>, as user <alexrad> in cluster <dcc> at Thu Nov 10 08:09:54 2022
</u/alexrad> was used as the home directory.
</u/alexrad> was used as the working directory.
Started at Thu Nov 10 08:09:54 2022
Terminated at Thu Nov 10 08:12:49 2022
Results reported at Thu Nov 10 08:12:49 2022

Your job looked like:

------------------------------------------------------------
# LSBATCH: User input
/u/alexrad/ccc-profiles.sh gt/own-17
------------------------------------------------------------

Successfully completed.

Resource usage summary:

    CPU time :                                   175.42 sec.
    Max Memory :                                 575 MB
    Average Memory :                             315.50 MB
    Total Requested Memory :                     8683.00 MB
    Delta Memory :                               8108.00 MB
    Max Swap :                                   -
    Max Processes :                              5
    Max Threads :                                6
    Run time :                                   202 sec.
    Turnaround time :                            296 sec.

The output (if any) is above this job summary.



PS:

Read file </u/alexrad/.lsf/dcc/2982327.stderr> for stderr output of this job.

