
------------------------------------------------------------
Sender: LSF System <rer@dccxc323>
Subject: Job 2982382: </u/alexrad/ccc-profiles.sh gt/own-72> in cluster <dcc> Done

Job </u/alexrad/ccc-profiles.sh gt/own-72> was submitted from host <dccxl001> by user <alexrad> in cluster <dcc> at Thu Nov 10 08:07:56 2022
Job was executed on host(s) <dccxc323>, in queue <x86_7d>, as user <alexrad> in cluster <dcc> at Thu Nov 10 08:17:54 2022
</u/alexrad> was used as the home directory.
</u/alexrad> was used as the working directory.
Started at Thu Nov 10 08:17:54 2022
Terminated at Thu Nov 10 08:28:31 2022
Results reported at Thu Nov 10 08:28:31 2022

Your job looked like:

------------------------------------------------------------
# LSBATCH: User input
/u/alexrad/ccc-profiles.sh gt/own-72
------------------------------------------------------------

Successfully completed.

Resource usage summary:

    CPU time :                                   636.45 sec.
    Max Memory :                                 4750 MB
    Average Memory :                             1357.73 MB
    Total Requested Memory :                     8683.00 MB
    Delta Memory :                               3933.00 MB
    Max Swap :                                   -
    Max Processes :                              5
    Max Threads :                                6
    Run time :                                   663 sec.
    Turnaround time :                            1235 sec.

The output (if any) is above this job summary.



PS:

Read file </u/alexrad/.lsf/dcc/2982382.stderr> for stderr output of this job.

