
------------------------------------------------------------
Sender: LSF System <rer@dccxc328>
Subject: Job 2982331: </u/alexrad/ccc-profiles.sh gt/own-21> in cluster <dcc> Done

Job </u/alexrad/ccc-profiles.sh gt/own-21> was submitted from host <dccxl001> by user <alexrad> in cluster <dcc> at Thu Nov 10 08:07:54 2022
Job was executed on host(s) <dccxc328>, in queue <x86_7d>, as user <alexrad> in cluster <dcc> at Thu Nov 10 08:10:53 2022
</u/alexrad> was used as the home directory.
</u/alexrad> was used as the working directory.
Started at Thu Nov 10 08:10:53 2022
Terminated at Thu Nov 10 08:23:47 2022
Results reported at Thu Nov 10 08:23:47 2022

Your job looked like:

------------------------------------------------------------
# LSBATCH: User input
/u/alexrad/ccc-profiles.sh gt/own-21
------------------------------------------------------------

Successfully completed.

Resource usage summary:

    CPU time :                                   773.69 sec.
    Max Memory :                                 3798 MB
    Average Memory :                             878.44 MB
    Total Requested Memory :                     8683.00 MB
    Delta Memory :                               4885.00 MB
    Max Swap :                                   -
    Max Processes :                              5
    Max Threads :                                6
    Run time :                                   788 sec.
    Turnaround time :                            953 sec.

The output (if any) is above this job summary.



PS:

Read file </u/alexrad/.lsf/dcc/2982331.stderr> for stderr output of this job.

