
------------------------------------------------------------
Sender: LSF System <rer@dccxc325>
Subject: Job 2982320: </u/alexrad/ccc-profiles.sh gt/own-10> in cluster <dcc> Done

Job </u/alexrad/ccc-profiles.sh gt/own-10> was submitted from host <dccxl001> by user <alexrad> in cluster <dcc> at Thu Nov 10 08:07:53 2022
Job was executed on host(s) <dccxc325>, in queue <x86_7d>, as user <alexrad> in cluster <dcc> at Thu Nov 10 08:08:54 2022
</u/alexrad> was used as the home directory.
</u/alexrad> was used as the working directory.
Started at Thu Nov 10 08:08:54 2022
Terminated at Thu Nov 10 08:41:30 2022
Results reported at Thu Nov 10 08:41:30 2022

Your job looked like:

------------------------------------------------------------
# LSBATCH: User input
/u/alexrad/ccc-profiles.sh gt/own-10
------------------------------------------------------------

Successfully completed.

Resource usage summary:

    CPU time :                                   1956.22 sec.
    Max Memory :                                 5129 MB
    Average Memory :                             2079.43 MB
    Total Requested Memory :                     8683.00 MB
    Delta Memory :                               3554.00 MB
    Max Swap :                                   -
    Max Processes :                              5
    Max Threads :                                6
    Run time :                                   1983 sec.
    Turnaround time :                            2017 sec.

The output (if any) is above this job summary.



PS:

Read file </u/alexrad/.lsf/dcc/2982320.stderr> for stderr output of this job.

