
------------------------------------------------------------
Sender: LSF System <rer@dccxc325>
Subject: Job 2982392: </u/alexrad/ccc-profiles.sh gt/own-82> in cluster <dcc> Done

Job </u/alexrad/ccc-profiles.sh gt/own-82> was submitted from host <dccxl001> by user <alexrad> in cluster <dcc> at Thu Nov 10 08:07:56 2022
Job was executed on host(s) <dccxc325>, in queue <x86_7d>, as user <alexrad> in cluster <dcc> at Thu Nov 10 08:18:54 2022
</u/alexrad> was used as the home directory.
</u/alexrad> was used as the working directory.
Started at Thu Nov 10 08:18:54 2022
Terminated at Thu Nov 10 08:27:37 2022
Results reported at Thu Nov 10 08:27:37 2022

Your job looked like:

------------------------------------------------------------
# LSBATCH: User input
/u/alexrad/ccc-profiles.sh gt/own-82
------------------------------------------------------------

Successfully completed.

Resource usage summary:

    CPU time :                                   523.16 sec.
    Max Memory :                                 3581 MB
    Average Memory :                             616.05 MB
    Total Requested Memory :                     8683.00 MB
    Delta Memory :                               5102.00 MB
    Max Swap :                                   -
    Max Processes :                              5
    Max Threads :                                6
    Run time :                                   549 sec.
    Turnaround time :                            1181 sec.

The output (if any) is above this job summary.



PS:

Read file </u/alexrad/.lsf/dcc/2982392.stderr> for stderr output of this job.

