
------------------------------------------------------------
Sender: LSF System <rer@dccxc325>
Subject: Job 2982335: </u/alexrad/ccc-profiles.sh gt/own-25> in cluster <dcc> Done

Job </u/alexrad/ccc-profiles.sh gt/own-25> was submitted from host <dccxl001> by user <alexrad> in cluster <dcc> at Thu Nov 10 08:07:54 2022
Job was executed on host(s) <dccxc325>, in queue <x86_7d>, as user <alexrad> in cluster <dcc> at Thu Nov 10 08:10:54 2022
</u/alexrad> was used as the home directory.
</u/alexrad> was used as the working directory.
Started at Thu Nov 10 08:10:54 2022
Terminated at Thu Nov 10 08:15:24 2022
Results reported at Thu Nov 10 08:15:24 2022

Your job looked like:

------------------------------------------------------------
# LSBATCH: User input
/u/alexrad/ccc-profiles.sh gt/own-25
------------------------------------------------------------

Successfully completed.

Resource usage summary:

    CPU time :                                   269.99 sec.
    Max Memory :                                 2820 MB
    Average Memory :                             630.91 MB
    Total Requested Memory :                     8683.00 MB
    Delta Memory :                               5863.00 MB
    Max Swap :                                   -
    Max Processes :                              5
    Max Threads :                                6
    Run time :                                   297 sec.
    Turnaround time :                            450 sec.

The output (if any) is above this job summary.



PS:

Read file </u/alexrad/.lsf/dcc/2982335.stderr> for stderr output of this job.

