
------------------------------------------------------------
Sender: LSF System <rer@dccxc324>
Subject: Job 2982322: </u/alexrad/ccc-profiles.sh gt/own-12> in cluster <dcc> Done

Job </u/alexrad/ccc-profiles.sh gt/own-12> was submitted from host <dccxl001> by user <alexrad> in cluster <dcc> at Thu Nov 10 08:07:53 2022
Job was executed on host(s) <dccxc324>, in queue <x86_7d>, as user <alexrad> in cluster <dcc> at Thu Nov 10 08:08:54 2022
</u/alexrad> was used as the home directory.
</u/alexrad> was used as the working directory.
Started at Thu Nov 10 08:08:54 2022
Terminated at Thu Nov 10 08:21:51 2022
Results reported at Thu Nov 10 08:21:51 2022

Your job looked like:

------------------------------------------------------------
# LSBATCH: User input
/u/alexrad/ccc-profiles.sh gt/own-12
------------------------------------------------------------

Successfully completed.

Resource usage summary:

    CPU time :                                   777.47 sec.
    Max Memory :                                 3827 MB
    Average Memory :                             976.56 MB
    Total Requested Memory :                     8683.00 MB
    Delta Memory :                               4856.00 MB
    Max Swap :                                   -
    Max Processes :                              5
    Max Threads :                                6
    Run time :                                   804 sec.
    Turnaround time :                            838 sec.

The output (if any) is above this job summary.



PS:

Read file </u/alexrad/.lsf/dcc/2982322.stderr> for stderr output of this job.

