
------------------------------------------------------------
Sender: LSF System <rer@dccxc329>
Subject: Job 2982388: </u/alexrad/ccc-profiles.sh gt/own-78> in cluster <dcc> Done

Job </u/alexrad/ccc-profiles.sh gt/own-78> was submitted from host <dccxl001> by user <alexrad> in cluster <dcc> at Thu Nov 10 08:07:56 2022
Job was executed on host(s) <dccxc329>, in queue <x86_7d>, as user <alexrad> in cluster <dcc> at Thu Nov 10 08:18:53 2022
</u/alexrad> was used as the home directory.
</u/alexrad> was used as the working directory.
Started at Thu Nov 10 08:18:53 2022
Terminated at Thu Nov 10 08:33:44 2022
Results reported at Thu Nov 10 08:33:44 2022

Your job looked like:

------------------------------------------------------------
# LSBATCH: User input
/u/alexrad/ccc-profiles.sh gt/own-78
------------------------------------------------------------

Successfully completed.

Resource usage summary:

    CPU time :                                   891.19 sec.
    Max Memory :                                 6181 MB
    Average Memory :                             2151.70 MB
    Total Requested Memory :                     8683.00 MB
    Delta Memory :                               2502.00 MB
    Max Swap :                                   -
    Max Processes :                              5
    Max Threads :                                6
    Run time :                                   918 sec.
    Turnaround time :                            1548 sec.

The output (if any) is above this job summary.



PS:

Read file </u/alexrad/.lsf/dcc/2982388.stderr> for stderr output of this job.

