
------------------------------------------------------------
Sender: LSF System <rer@dccxc325>
Subject: Job 2982383: </u/alexrad/ccc-profiles.sh gt/own-73> in cluster <dcc> Done

Job </u/alexrad/ccc-profiles.sh gt/own-73> was submitted from host <dccxl001> by user <alexrad> in cluster <dcc> at Thu Nov 10 08:07:56 2022
Job was executed on host(s) <dccxc325>, in queue <x86_7d>, as user <alexrad> in cluster <dcc> at Thu Nov 10 08:17:54 2022
</u/alexrad> was used as the home directory.
</u/alexrad> was used as the working directory.
Started at Thu Nov 10 08:17:54 2022
Terminated at Thu Nov 10 08:29:04 2022
Results reported at Thu Nov 10 08:29:04 2022

Your job looked like:

------------------------------------------------------------
# LSBATCH: User input
/u/alexrad/ccc-profiles.sh gt/own-73
------------------------------------------------------------

Successfully completed.

Resource usage summary:

    CPU time :                                   669.08 sec.
    Max Memory :                                 4648 MB
    Average Memory :                             1757.14 MB
    Total Requested Memory :                     8683.00 MB
    Delta Memory :                               4035.00 MB
    Max Swap :                                   -
    Max Processes :                              5
    Max Threads :                                6
    Run time :                                   696 sec.
    Turnaround time :                            1268 sec.

The output (if any) is above this job summary.



PS:

Read file </u/alexrad/.lsf/dcc/2982383.stderr> for stderr output of this job.

