
------------------------------------------------------------
Sender: LSF System <rer@dccxc329>
Subject: Job 2982381: </u/alexrad/ccc-profiles.sh gt/own-71> in cluster <dcc> Done

Job </u/alexrad/ccc-profiles.sh gt/own-71> was submitted from host <dccxl001> by user <alexrad> in cluster <dcc> at Thu Nov 10 08:07:56 2022
Job was executed on host(s) <dccxc329>, in queue <x86_7d>, as user <alexrad> in cluster <dcc> at Thu Nov 10 08:17:53 2022
</u/alexrad> was used as the home directory.
</u/alexrad> was used as the working directory.
Started at Thu Nov 10 08:17:53 2022
Terminated at Thu Nov 10 08:24:10 2022
Results reported at Thu Nov 10 08:24:10 2022

Your job looked like:

------------------------------------------------------------
# LSBATCH: User input
/u/alexrad/ccc-profiles.sh gt/own-71
------------------------------------------------------------

Successfully completed.

Resource usage summary:

    CPU time :                                   376.11 sec.
    Max Memory :                                 4433 MB
    Average Memory :                             1747.71 MB
    Total Requested Memory :                     8683.00 MB
    Delta Memory :                               4250.00 MB
    Max Swap :                                   -
    Max Processes :                              5
    Max Threads :                                6
    Run time :                                   403 sec.
    Turnaround time :                            974 sec.

The output (if any) is above this job summary.



PS:

Read file </u/alexrad/.lsf/dcc/2982381.stderr> for stderr output of this job.

