
------------------------------------------------------------
Sender: LSF System <rer@dccxc328>
Subject: Job 2982346: </u/alexrad/ccc-profiles.sh gt/own-36> in cluster <dcc> Done

Job </u/alexrad/ccc-profiles.sh gt/own-36> was submitted from host <dccxl001> by user <alexrad> in cluster <dcc> at Thu Nov 10 08:07:54 2022
Job was executed on host(s) <dccxc328>, in queue <x86_7d>, as user <alexrad> in cluster <dcc> at Thu Nov 10 08:12:53 2022
</u/alexrad> was used as the home directory.
</u/alexrad> was used as the working directory.
Started at Thu Nov 10 08:12:53 2022
Terminated at Thu Nov 10 08:24:55 2022
Results reported at Thu Nov 10 08:24:55 2022

Your job looked like:

------------------------------------------------------------
# LSBATCH: User input
/u/alexrad/ccc-profiles.sh gt/own-36
------------------------------------------------------------

Successfully completed.

Resource usage summary:

    CPU time :                                   721.29 sec.
    Max Memory :                                 5129 MB
    Average Memory :                             840.76 MB
    Total Requested Memory :                     8683.00 MB
    Delta Memory :                               3554.00 MB
    Max Swap :                                   -
    Max Processes :                              5
    Max Threads :                                6
    Run time :                                   749 sec.
    Turnaround time :                            1021 sec.

The output (if any) is above this job summary.



PS:

Read file </u/alexrad/.lsf/dcc/2982346.stderr> for stderr output of this job.

