
------------------------------------------------------------
Sender: LSF System <rer@dccxc327>
Subject: Job 2982358: </u/alexrad/ccc-profiles.sh gt/own-48> in cluster <dcc> Done

Job </u/alexrad/ccc-profiles.sh gt/own-48> was submitted from host <dccxl001> by user <alexrad> in cluster <dcc> at Thu Nov 10 08:07:55 2022
Job was executed on host(s) <dccxc327>, in queue <x86_7d>, as user <alexrad> in cluster <dcc> at Thu Nov 10 08:13:54 2022
</u/alexrad> was used as the home directory.
</u/alexrad> was used as the working directory.
Started at Thu Nov 10 08:13:54 2022
Terminated at Thu Nov 10 08:18:40 2022
Results reported at Thu Nov 10 08:18:40 2022

Your job looked like:

------------------------------------------------------------
# LSBATCH: User input
/u/alexrad/ccc-profiles.sh gt/own-48
------------------------------------------------------------

Successfully completed.

Resource usage summary:

    CPU time :                                   284.69 sec.
    Max Memory :                                 3812 MB
    Average Memory :                             541.00 MB
    Total Requested Memory :                     8683.00 MB
    Delta Memory :                               4871.00 MB
    Max Swap :                                   -
    Max Processes :                              5
    Max Threads :                                6
    Run time :                                   312 sec.
    Turnaround time :                            645 sec.

The output (if any) is above this job summary.



PS:

Read file </u/alexrad/.lsf/dcc/2982358.stderr> for stderr output of this job.

