
------------------------------------------------------------
Sender: LSF System <rer@dccxc322>
Subject: Job 2982349: </u/alexrad/ccc-profiles.sh gt/own-39> in cluster <dcc> Done

Job </u/alexrad/ccc-profiles.sh gt/own-39> was submitted from host <dccxl001> by user <alexrad> in cluster <dcc> at Thu Nov 10 08:07:54 2022
Job was executed on host(s) <dccxc322>, in queue <x86_7d>, as user <alexrad> in cluster <dcc> at Thu Nov 10 08:12:54 2022
</u/alexrad> was used as the home directory.
</u/alexrad> was used as the working directory.
Started at Thu Nov 10 08:12:54 2022
Terminated at Thu Nov 10 08:21:00 2022
Results reported at Thu Nov 10 08:21:00 2022

Your job looked like:

------------------------------------------------------------
# LSBATCH: User input
/u/alexrad/ccc-profiles.sh gt/own-39
------------------------------------------------------------

Successfully completed.

Resource usage summary:

    CPU time :                                   485.41 sec.
    Max Memory :                                 3665 MB
    Average Memory :                             1078.38 MB
    Total Requested Memory :                     8683.00 MB
    Delta Memory :                               5018.00 MB
    Max Swap :                                   -
    Max Processes :                              5
    Max Threads :                                6
    Run time :                                   491 sec.
    Turnaround time :                            786 sec.

The output (if any) is above this job summary.



PS:

Read file </u/alexrad/.lsf/dcc/2982349.stderr> for stderr output of this job.

