
------------------------------------------------------------
Sender: LSF System <rer@dccxc324>
Subject: Job 2982357: </u/alexrad/ccc-profiles.sh gt/own-47> in cluster <dcc> Done

Job </u/alexrad/ccc-profiles.sh gt/own-47> was submitted from host <dccxl001> by user <alexrad> in cluster <dcc> at Thu Nov 10 08:07:55 2022
Job was executed on host(s) <dccxc324>, in queue <x86_7d>, as user <alexrad> in cluster <dcc> at Thu Nov 10 08:13:54 2022
</u/alexrad> was used as the home directory.
</u/alexrad> was used as the working directory.
Started at Thu Nov 10 08:13:54 2022
Terminated at Thu Nov 10 08:18:20 2022
Results reported at Thu Nov 10 08:18:20 2022

Your job looked like:

------------------------------------------------------------
# LSBATCH: User input
/u/alexrad/ccc-profiles.sh gt/own-47
------------------------------------------------------------

Successfully completed.

Resource usage summary:

    CPU time :                                   265.91 sec.
    Max Memory :                                 2479 MB
    Average Memory :                             622.60 MB
    Total Requested Memory :                     8683.00 MB
    Delta Memory :                               6204.00 MB
    Max Swap :                                   -
    Max Processes :                              5
    Max Threads :                                6
    Run time :                                   293 sec.
    Turnaround time :                            625 sec.

The output (if any) is above this job summary.



PS:

Read file </u/alexrad/.lsf/dcc/2982357.stderr> for stderr output of this job.

