
------------------------------------------------------------
Sender: LSF System <rer@dccxc324>
Subject: Job 2982315: </u/alexrad/ccc-profiles.sh gt/own-05> in cluster <dcc> Done

Job </u/alexrad/ccc-profiles.sh gt/own-05> was submitted from host <dccxl001> by user <alexrad> in cluster <dcc> at Thu Nov 10 08:07:53 2022
Job was executed on host(s) <dccxc324>, in queue <x86_7d>, as user <alexrad> in cluster <dcc> at Thu Nov 10 08:07:54 2022
</u/alexrad> was used as the home directory.
</u/alexrad> was used as the working directory.
Started at Thu Nov 10 08:07:54 2022
Terminated at Thu Nov 10 08:10:39 2022
Results reported at Thu Nov 10 08:10:39 2022

Your job looked like:

------------------------------------------------------------
# LSBATCH: User input
/u/alexrad/ccc-profiles.sh gt/own-05
------------------------------------------------------------

Successfully completed.

Resource usage summary:

    CPU time :                                   155.74 sec.
    Max Memory :                                 819 MB
    Average Memory :                             391.50 MB
    Total Requested Memory :                     8683.00 MB
    Delta Memory :                               7864.00 MB
    Max Swap :                                   -
    Max Processes :                              5
    Max Threads :                                6
    Run time :                                   186 sec.
    Turnaround time :                            166 sec.

The output (if any) is above this job summary.



PS:

Read file </u/alexrad/.lsf/dcc/2982315.stderr> for stderr output of this job.

