
------------------------------------------------------------
Sender: LSF System <rer@dccxc327>
Subject: Job 2982316: </u/alexrad/ccc-profiles.sh gt/own-06> in cluster <dcc> Done

Job </u/alexrad/ccc-profiles.sh gt/own-06> was submitted from host <dccxl001> by user <alexrad> in cluster <dcc> at Thu Nov 10 08:07:53 2022
Job was executed on host(s) <dccxc327>, in queue <x86_7d>, as user <alexrad> in cluster <dcc> at Thu Nov 10 08:07:54 2022
</u/alexrad> was used as the home directory.
</u/alexrad> was used as the working directory.
Started at Thu Nov 10 08:07:54 2022
Terminated at Thu Nov 10 08:32:19 2022
Results reported at Thu Nov 10 08:32:19 2022

Your job looked like:

------------------------------------------------------------
# LSBATCH: User input
/u/alexrad/ccc-profiles.sh gt/own-06
------------------------------------------------------------

Successfully completed.

Resource usage summary:

    CPU time :                                   1454.70 sec.
    Max Memory :                                 6272 MB
    Average Memory :                             2511.88 MB
    Total Requested Memory :                     8683.00 MB
    Delta Memory :                               2411.00 MB
    Max Swap :                                   -
    Max Processes :                              5
    Max Threads :                                6
    Run time :                                   1494 sec.
    Turnaround time :                            1466 sec.

The output (if any) is above this job summary.



PS:

Read file </u/alexrad/.lsf/dcc/2982316.stderr> for stderr output of this job.

