
------------------------------------------------------------
Sender: LSF System <rer@dccxc322>
Subject: Job 2982362: </u/alexrad/ccc-profiles.sh gt/own-52> in cluster <dcc> Done

Job </u/alexrad/ccc-profiles.sh gt/own-52> was submitted from host <dccxl001> by user <alexrad> in cluster <dcc> at Thu Nov 10 08:07:55 2022
Job was executed on host(s) <dccxc322>, in queue <x86_7d>, as user <alexrad> in cluster <dcc> at Thu Nov 10 08:14:54 2022
</u/alexrad> was used as the home directory.
</u/alexrad> was used as the working directory.
Started at Thu Nov 10 08:14:54 2022
Terminated at Thu Nov 10 08:23:47 2022
Results reported at Thu Nov 10 08:23:47 2022

Your job looked like:

------------------------------------------------------------
# LSBATCH: User input
/u/alexrad/ccc-profiles.sh gt/own-52
------------------------------------------------------------

Successfully completed.

Resource usage summary:

    CPU time :                                   532.79 sec.
    Max Memory :                                 2296 MB
    Average Memory :                             618.35 MB
    Total Requested Memory :                     8683.00 MB
    Delta Memory :                               6387.00 MB
    Max Swap :                                   -
    Max Processes :                              5
    Max Threads :                                6
    Run time :                                   560 sec.
    Turnaround time :                            952 sec.

The output (if any) is above this job summary.



PS:

Read file </u/alexrad/.lsf/dcc/2982362.stderr> for stderr output of this job.

