
------------------------------------------------------------
Sender: LSF System <rer@dccxc324>
Subject: Job 2982370: </u/alexrad/ccc-profiles.sh gt/own-60> in cluster <dcc> Done

Job </u/alexrad/ccc-profiles.sh gt/own-60> was submitted from host <dccxl001> by user <alexrad> in cluster <dcc> at Thu Nov 10 08:07:55 2022
Job was executed on host(s) <dccxc324>, in queue <x86_7d>, as user <alexrad> in cluster <dcc> at Thu Nov 10 08:15:54 2022
</u/alexrad> was used as the home directory.
</u/alexrad> was used as the working directory.
Started at Thu Nov 10 08:15:54 2022
Terminated at Thu Nov 10 08:29:42 2022
Results reported at Thu Nov 10 08:29:42 2022

Your job looked like:

------------------------------------------------------------
# LSBATCH: User input
/u/alexrad/ccc-profiles.sh gt/own-60
------------------------------------------------------------

Successfully completed.

Resource usage summary:

    CPU time :                                   828.04 sec.
    Max Memory :                                 5201 MB
    Average Memory :                             1079.52 MB
    Total Requested Memory :                     8683.00 MB
    Delta Memory :                               3482.00 MB
    Max Swap :                                   -
    Max Processes :                              5
    Max Threads :                                6
    Run time :                                   855 sec.
    Turnaround time :                            1307 sec.

The output (if any) is above this job summary.



PS:

Read file </u/alexrad/.lsf/dcc/2982370.stderr> for stderr output of this job.

