
------------------------------------------------------------
Sender: LSF System <rer@dccxc325>
Subject: Job 2982328: </u/alexrad/ccc-profiles.sh gt/own-18> in cluster <dcc> Done

Job </u/alexrad/ccc-profiles.sh gt/own-18> was submitted from host <dccxl001> by user <alexrad> in cluster <dcc> at Thu Nov 10 08:07:53 2022
Job was executed on host(s) <dccxc325>, in queue <x86_7d>, as user <alexrad> in cluster <dcc> at Thu Nov 10 08:09:54 2022
</u/alexrad> was used as the home directory.
</u/alexrad> was used as the working directory.
Started at Thu Nov 10 08:09:54 2022
Terminated at Thu Nov 10 08:18:56 2022
Results reported at Thu Nov 10 08:18:56 2022

Your job looked like:

------------------------------------------------------------
# LSBATCH: User input
/u/alexrad/ccc-profiles.sh gt/own-18
------------------------------------------------------------

Successfully completed.

Resource usage summary:

    CPU time :                                   541.64 sec.
    Max Memory :                                 5803 MB
    Average Memory :                             1851.53 MB
    Total Requested Memory :                     8683.00 MB
    Delta Memory :                               2880.00 MB
    Max Swap :                                   -
    Max Processes :                              5
    Max Threads :                                6
    Run time :                                   569 sec.
    Turnaround time :                            663 sec.

The output (if any) is above this job summary.



PS:

Read file </u/alexrad/.lsf/dcc/2982328.stderr> for stderr output of this job.

