
------------------------------------------------------------
Sender: LSF System <rer@dccxc328>
Subject: Job 2982387: </u/alexrad/ccc-profiles.sh gt/own-77> in cluster <dcc> Done

Job </u/alexrad/ccc-profiles.sh gt/own-77> was submitted from host <dccxl001> by user <alexrad> in cluster <dcc> at Thu Nov 10 08:07:56 2022
Job was executed on host(s) <dccxc328>, in queue <x86_7d>, as user <alexrad> in cluster <dcc> at Thu Nov 10 08:18:53 2022
</u/alexrad> was used as the home directory.
</u/alexrad> was used as the working directory.
Started at Thu Nov 10 08:18:53 2022
Terminated at Thu Nov 10 08:24:11 2022
Results reported at Thu Nov 10 08:24:11 2022

Your job looked like:

------------------------------------------------------------
# LSBATCH: User input
/u/alexrad/ccc-profiles.sh gt/own-77
------------------------------------------------------------

Successfully completed.

Resource usage summary:

    CPU time :                                   317.84 sec.
    Max Memory :                                 1679 MB
    Average Memory :                             406.50 MB
    Total Requested Memory :                     8683.00 MB
    Delta Memory :                               7004.00 MB
    Max Swap :                                   -
    Max Processes :                              5
    Max Threads :                                6
    Run time :                                   325 sec.
    Turnaround time :                            975 sec.

The output (if any) is above this job summary.



PS:

Read file </u/alexrad/.lsf/dcc/2982387.stderr> for stderr output of this job.

