
------------------------------------------------------------
Sender: LSF System <rer@dccxc324>
Subject: Job 2982343: </u/alexrad/ccc-profiles.sh gt/own-33> in cluster <dcc> Done

Job </u/alexrad/ccc-profiles.sh gt/own-33> was submitted from host <dccxl001> by user <alexrad> in cluster <dcc> at Thu Nov 10 08:07:54 2022
Job was executed on host(s) <dccxc324>, in queue <x86_7d>, as user <alexrad> in cluster <dcc> at Thu Nov 10 08:11:54 2022
</u/alexrad> was used as the home directory.
</u/alexrad> was used as the working directory.
Started at Thu Nov 10 08:11:54 2022
Terminated at Thu Nov 10 08:15:03 2022
Results reported at Thu Nov 10 08:15:03 2022

Your job looked like:

------------------------------------------------------------
# LSBATCH: User input
/u/alexrad/ccc-profiles.sh gt/own-33
------------------------------------------------------------

Successfully completed.

Resource usage summary:

    CPU time :                                   188.23 sec.
    Max Memory :                                 3073 MB
    Average Memory :                             552.56 MB
    Total Requested Memory :                     8683.00 MB
    Delta Memory :                               5610.00 MB
    Max Swap :                                   -
    Max Processes :                              5
    Max Threads :                                6
    Run time :                                   216 sec.
    Turnaround time :                            429 sec.

The output (if any) is above this job summary.



PS:

Read file </u/alexrad/.lsf/dcc/2982343.stderr> for stderr output of this job.

