
------------------------------------------------------------
Sender: LSF System <rer@dccxc329>
Subject: Job 2982345: </u/alexrad/ccc-profiles.sh gt/own-35> in cluster <dcc> Done

Job </u/alexrad/ccc-profiles.sh gt/own-35> was submitted from host <dccxl001> by user <alexrad> in cluster <dcc> at Thu Nov 10 08:07:54 2022
Job was executed on host(s) <dccxc329>, in queue <x86_7d>, as user <alexrad> in cluster <dcc> at Thu Nov 10 08:12:53 2022
</u/alexrad> was used as the home directory.
</u/alexrad> was used as the working directory.
Started at Thu Nov 10 08:12:53 2022
Terminated at Thu Nov 10 08:23:36 2022
Results reported at Thu Nov 10 08:23:36 2022

Your job looked like:

------------------------------------------------------------
# LSBATCH: User input
/u/alexrad/ccc-profiles.sh gt/own-35
------------------------------------------------------------

Successfully completed.

Resource usage summary:

    CPU time :                                   642.27 sec.
    Max Memory :                                 3150 MB
    Average Memory :                             823.55 MB
    Total Requested Memory :                     8683.00 MB
    Delta Memory :                               5533.00 MB
    Max Swap :                                   -
    Max Processes :                              5
    Max Threads :                                6
    Run time :                                   670 sec.
    Turnaround time :                            942 sec.

The output (if any) is above this job summary.



PS:

Read file </u/alexrad/.lsf/dcc/2982345.stderr> for stderr output of this job.

