
------------------------------------------------------------
Sender: LSF System <rer@dccxc323>
Subject: Job 2982368: </u/alexrad/ccc-profiles.sh gt/own-58> in cluster <dcc> Done

Job </u/alexrad/ccc-profiles.sh gt/own-58> was submitted from host <dccxl001> by user <alexrad> in cluster <dcc> at Thu Nov 10 08:07:55 2022
Job was executed on host(s) <dccxc323>, in queue <x86_7d>, as user <alexrad> in cluster <dcc> at Thu Nov 10 08:15:54 2022
</u/alexrad> was used as the home directory.
</u/alexrad> was used as the working directory.
Started at Thu Nov 10 08:15:54 2022
Terminated at Thu Nov 10 08:21:11 2022
Results reported at Thu Nov 10 08:21:11 2022

Your job looked like:

------------------------------------------------------------
# LSBATCH: User input
/u/alexrad/ccc-profiles.sh gt/own-58
------------------------------------------------------------

Successfully completed.

Resource usage summary:

    CPU time :                                   316.21 sec.
    Max Memory :                                 2125 MB
    Average Memory :                             530.91 MB
    Total Requested Memory :                     8683.00 MB
    Delta Memory :                               6558.00 MB
    Max Swap :                                   -
    Max Processes :                              5
    Max Threads :                                6
    Run time :                                   317 sec.
    Turnaround time :                            796 sec.

The output (if any) is above this job summary.



PS:

Read file </u/alexrad/.lsf/dcc/2982368.stderr> for stderr output of this job.

