
01676517-s
 w:[extraordinarily good or great ; used especially as intensifiers; "a fantastic trip to the Orient"; "the film was fantastic!"; "a howling success"; "a marvelous collection of rare books"; "had a rattling conversation about politics"; "a tremendous achievement"]
 m:[extraordinarily good or great; used especially as intensifiers; "a fantastic trip to the Orient"; "the film was fantastic!"; "a howling success"; "a marvelous collection of rare books"; "had a rattling conversation about politics"; "a tremendous achievement"]

00204249-s
 w:[disposed to avoid notice; "they considered themselves a tough outfit and weren't bashful about letting anybody know it"; (`blate' is a Scottish term for bashful)]
 m:[disposed to avoid notice (`blate' is a Scottish term for bashful); "they considered themselves a tough outfit and weren't bashful about letting anybody know it";]

00326608-s
 w:[characterized by undue haste and lack of thought or deliberation; "a hotheaded decision"; "liable to such impulsive acts as hugging strangers"; "an impetuous display of spending and gambling"; "madcap escapades"; (`brainish' is archaic)]
 m:[characterized by undue haste and lack of thought or deliberation (`brainish' is archaic); "a hotheaded decision"; "liable to such impulsive acts as hugging strangers"; "an impetuous display of spending and gambling"; "madcap escapades";]

00041841-a
 w:[( used of verbs (e.g. `be' or `own') and most participial adjectives) expressing existence or a state rather than an action]
 m:[(used of verbs (e.g. `be' or `own') and most participial adjectives) expressing existence or a state rather than an action]

00631798-s
 w:[(of ideas, images, representations, expressions) characterized by perfect conformity to fact or truth ; strictly correct; "a precise image"; "a precise measurement"]
 m:[(of ideas, images, representations, expressions) characterized by perfect conformity to fact or truth; strictly correct; "a precise image"; "a precise measurement"]

00767626-s
 w:[roundabout and unnecessarily wordy; "had a preference for circumlocutious (or circumlocutory) rather than forthright expression"; "A periphrastic study in a worn-out poetical fashion,/ Leaving one still with the intolerable wrestle/ With words and meanings."-T.S.Eliot; (`ambagious' is archaic)]
 m:[roundabout and unnecessarily wordy (`ambagious' is archaic); "had a preference for circumlocutious (or circumlocutory) rather than forthright expression"; "A periphrastic study in a worn-out poetical fashion,/ Leaving one still with the intolerable wrestle/ With words and meanings." - T.S.Eliot;]

00083478-s
 w:[unsolicited and resisted by the management of the target company ( used of attempts to buy or take control of a business); "hostile takeover"; "hostile tender offer"; "hostile bid"]
 m:[unsolicited and resisted by the management of the target company (used of attempts to buy or take control of a business); "hostile takeover"; "hostile tender offer"; "hostile bid"]

02993853-a
 w:[characteristic of the phenomenon of words of different origins that are pronounced the same way; "'horse' and 'hoarse' are homophonous words"]
 m:[characteristic of the phenomenon of words of different origins that are pronounced the same way; "`horse' and `hoarse' are homophonous words"]

00121135-r
 w:[in the way indicated; "hold the brush so"; "set up the pieces thus"; (`thusly' is a nonstandard variant)]
 m:[in the way indicated (`thusly' is a nonstandard variant); "hold the brush so"; "set up the pieces thus";]

00145713-r
 w:[as much as necessary; "Have I eaten enough?"; (`plenty' is nonstandard) "I've had plenty, thanks"]
 m:[as much as necessary (`plenty' is nonstandard); "Have I eaten enough?"; "I've had plenty, thanks"]

00015471-r
 w:[in a satisfactory or adequate manner; "she'll do okay on her own"; "held up all right under pressure"; (`alright' is a nonstandard variant of `all right')]
 m:[in a satisfactory or adequate manner (`alright' is a nonstandard variant of `all right'); "she'll do okay on her own"; "held up all right under pressure";]

00156654-r
 w:[(of drugs) through the mouth rather than through injection; by_mouth; "he was administered the drug orally"]
 m:[(of drugs) through the mouth rather than through injection; by mouth; "he was administered the drug orally"]

00022401-r
 w:[of the distant or comparatively distant past; "We met once long ago"; "they long ago forsook their nomadic life"; "left for work long ago"; "he has long since given up mountain climbing"; "This name has long since been forgotten"; "lang syne" is Scottish]
 m:[of the distant or comparatively distant past ("lang syne" is Scottish); "We met once long ago"; "they long ago forsook their nomadic life"; "left for work long ago"; "he has long since given up mountain climbing"; "This name has long since been forgotten";]

00025290-r
 w:[at or in or to any place; "you can find this food anywhere"; (`anyplace' is used informally for `anywhere')]
 m:[at or in or to any place (`anyplace' is used informally for `anywhere'); "you can find this food anywhere";]

00025559-r
 w:[in or at or to some place; "she must be somewhere"; (`someplace' is used informally for `somewhere')]
 m:[in or at or to some place (`someplace' is used informally for `somewhere'); "she must be somewhere";]

00025728-r
 w:[to or in any or all places; "You find fast food stores everywhere"; "people everywhere are becoming aware of the problem"; "he carried a gun everywhere he went"; "looked all over for a suitable gift"; (`everyplace' is used informally for `everywhere')]
 m:[to or in any or all places (`everyplace' is used informally for `everywhere'); "You find fast food stores everywhere"; "people everywhere are becoming aware of the problem"; "he carried a gun everywhere he went"; "looked all over for a suitable gift";]

00266016-r
 w:[in an arrogant manner; "in the old days she had been harsh and stiff ; afraid of her husband and yet arrogantly proud that she had a husband strong and fierce enough to make her afraid"]
 m:[in an arrogant manner; "in the old days she had been harsh and stiff; afraid of her husband and yet arrogantly proud that she had a husband strong and fierce enough to make her afraid"]

00274160-r
 w:[in_an_arch_manner; with playful slyness or roguishness]
 m:[in an arch manner; with playful slyness or roguishness]

00281491-r
 w:[in a capricious manner; "there were Turk's head lilies and patches of iris , islands of brilliant blue set capriciously in the green sea"]
 m:[in a capricious manner; "there were Turk's head lilies and patches of iris, islands of brilliant blue set capriciously in the green sea"]

00297563-r
 w:[in a damnable manner; "kindly Arthur--so damnably , politely , endlessly persistent!"]
 m:[in a damnable manner; "kindly Arthur--so damnably, politely, endlessly persistent!"]

00316734-r
 w:[in a cheerless manner; "in August 1914 , there was a dismally sentimental little dinner, when the French, German, Austrian and Belgian members of the committee drank together to the peace of the future"]
 m:[in a cheerless manner; "in August 1914, there was a dismally sentimental little dinner, when the French, German, Austrian and Belgian members of the committee drank together to the peace of the future"]

00385946-r
 w:[at a distant time in the past (chiefly Scottish)]
 m:[(chiefly Scottish) at a distant time in the past]

00065748-r
 w:[most_recently; "I saw him last in London"]
 m:[most recently; "I saw him last in London"]

00074641-r
 w:[at or to or toward the front; "he faced forward"; "step forward"; "she practiced sewing backward as well as frontward on her new sewing machine"; (`forrad' and `forrard' are dialectal variations)]
 m:[at or to or toward the front (`forrad' and `forrard' are dialectal variations); "he faced forward"; "step forward"; "she practiced sewing backward as well as frontward on her new sewing machine";]

02668093-n
 w:[an abortion-inducing drug (trade name RU_486) developed in France; when taken during the first five weeks of pregnancy it blocks the action of progesterone so that the uterus sloughs off the embryo]
 m:[an abortion-inducing drug (trade name RU 486) developed in France; when taken during the first five weeks of pregnancy it blocks the action of progesterone so that the uterus sloughs off the embryo]

03550420-n
 w:[an encampment of huts (chiefly military)]
 m:[(chiefly military) an encampment of huts]

06795746-n
 w:[an individual instance of a type of symbol; "the word`error' contains three tokens of `r'"]
 m:[an individual instance of a type of symbol; "the word `error' contains three tokens of `r'"]

07003568-n
 w:[a single drawing in a comic_strip]
 m:[a single drawing in a comic strip]

07688757-n
 w:[small oval cake of corn bread baked or fried (chiefly southern)]
 m:[(chiefly southern) small oval cake of corn bread baked or fried]

07689003-n
 w:[cornbread usually cooked pancake-style on a griddle (chiefly New England)]
 m:[(chiefly New England) cornbread usually cooked pancake-style on a griddle]

07689313-n
 w:[soft bread made of cornmeal and sometimes rice or hominy; must be served with a spoon (chiefly southern)]
 m:[(chiefly southern) soft bread made of cornmeal and sometimes rice or hominy; must be served with a spoon]

08180484-n
 w:[the segment of the public that is easily influenced by mass media (chiefly British)]
 m:[(chiefly British) the segment of the public that is easily influenced by mass media]

09259746-n
 w:[a waterway used by small boats to travel between the Atlantic Ocean and the Gulf of Mexico through Lake Okeechobee and the Caloosahatchee_Canal and the Caloosahatchee River]
 m:[a waterway used by small boats to travel between the Atlantic Ocean and the Gulf of Mexico through Lake Okeechobee and the Caloosahatchee Canal and the Caloosahatchee River]

10833805-n
 w:[Canadian physiologist who discovered insulin with C. H. Best and who used it to treat diabetes(1891-1941)]
 m:[Canadian physiologist who discovered insulin with C. H. Best and who used it to treat diabetes (1891-1941)]

11382688-n
 w:[United States photographer(1886-1958)]
 m:[United States photographer (1886-1958)]

00085626-v
 w:[administer an oil or ointment to ; often in a religious ceremony of blessing]
 m:[administer an oil or ointment to; often in a religious ceremony of blessing]

02493666-v
 w:[forbid the public distribution of ( a movie or a newspaper)]
 m:[forbid the public distribution of (a movie or a newspaper)]

02704349-v
 w:[have certain dimensions; "This table surfaces measures 20inches by 36 inches"]
 m:[have certain dimensions; "This table surfaces measures 20 inches by 36 inches"]
